  Building Custom Rule C:/Users/38182/Desktop/cg learning OpenGL/project/Rigid-Body-Simulation/CMakeLists.txt
  glad.c
  main.cpp
C:\Users\38182\Desktop\cg learning OpenGL\project\Rigid-Body-Simulation\src\main.cpp : warning C4819: 该文件包含不能在当前代码页(936)中表示的字符。请将该文件保存为 Unicode 格式以防止数据丢失
C:\Users\38182\Desktop\cg learning OpenGL\project\Rigid-Body-Simulation\inc/rigidBody.hpp : warning C4819: 该文件包含不能在当前代码页(936)中表示的字符。请将该文件保存为 Unicode 格式以防止数据丢失
C:\Users\38182\Desktop\cg learning OpenGL\project\Rigid-Body-Simulation\inc/rigidBody.hpp(66): warning C4244: “return”: 从“double”转换到“float”，可能丢失数据
C:\Users\38182\Desktop\cg learning OpenGL\project\Rigid-Body-Simulation\src\main.cpp(41): warning C4305: “初始化”: 从“double”到“float”截断
C:\Users\38182\Desktop\cg learning OpenGL\project\Rigid-Body-Simulation\src\main.cpp(42): warning C4305: “初始化”: 从“double”到“float”截断
C:\Users\38182\Desktop\cg learning OpenGL\project\Rigid-Body-Simulation\src\main.cpp(71): warning C4244: “=”: 从“double”转换到“float”，可能丢失数据
C:\Users\38182\Desktop\cg learning OpenGL\project\Rigid-Body-Simulation\src\main.cpp(72): warning C4244: “=”: 从“double”转换到“float”，可能丢失数据
C:\Users\38182\Desktop\cg learning OpenGL\project\Rigid-Body-Simulation\src\main.cpp(76): warning C4244: “初始化”: 从“double”转换到“float”，可能丢失数据
C:\Users\38182\Desktop\cg learning OpenGL\project\Rigid-Body-Simulation\src\main.cpp(77): warning C4244: “初始化”: 从“double”转换到“float”，可能丢失数据
C:\Users\38182\Desktop\cg learning OpenGL\project\Rigid-Body-Simulation\src\main.cpp(79): warning C4244: “=”: 从“double”转换到“float”，可能丢失数据
C:\Users\38182\Desktop\cg learning OpenGL\project\Rigid-Body-Simulation\src\main.cpp(80): warning C4244: “=”: 从“double”转换到“float”，可能丢失数据
C:\Users\38182\Desktop\cg learning OpenGL\project\Rigid-Body-Simulation\src\main.cpp(109): warning C4305: “参数”: 从“double”到“float”截断
C:\Users\38182\Desktop\cg learning OpenGL\project\Rigid-Body-Simulation\src\main.cpp(110): warning C4305: “参数”: 从“double”到“float”截断
C:\Users\38182\Desktop\cg learning OpenGL\project\Rigid-Body-Simulation\src\main.cpp(117): warning C4305: “参数”: 从“double”到“float”截断
C:\Users\38182\Desktop\cg learning OpenGL\project\Rigid-Body-Simulation\src\main.cpp(118): warning C4305: “参数”: 从“double”到“float”截断
C:\Users\38182\Desktop\cg learning OpenGL\project\Rigid-Body-Simulation\src\main.cpp(125): warning C4305: “参数”: 从“double”到“float”截断
C:\Users\38182\Desktop\cg learning OpenGL\project\Rigid-Body-Simulation\src\main.cpp(126): warning C4305: “参数”: 从“double”到“float”截断
C:\Users\38182\Desktop\cg learning OpenGL\project\Rigid-Body-Simulation\src\main.cpp(133): warning C4305: “参数”: 从“double”到“float”截断
C:\Users\38182\Desktop\cg learning OpenGL\project\Rigid-Body-Simulation\src\main.cpp(134): warning C4305: “参数”: 从“double”到“float”截断
C:\Users\38182\Desktop\cg learning OpenGL\project\Rigid-Body-Simulation\src\main.cpp(180): warning C4267: “初始化”: 从“size_t”转换到“int”，可能丢失数据
C:\Users\38182\Desktop\cg learning OpenGL\project\Rigid-Body-Simulation\src\main.cpp(188): warning C4267: “初始化”: 从“size_t”转换到“int”，可能丢失数据
C:\Users\38182\Desktop\cg learning OpenGL\project\Rigid-Body-Simulation\src\main.cpp(594): warning C4267: “参数”: 从“size_t”转换到“_Ty”，可能丢失数据
          with
          [
              _Ty=int
          ]
C:\Users\38182\Desktop\cg learning OpenGL\project\Rigid-Body-Simulation\src\main.cpp(595): warning C4267: “参数”: 从“size_t”转换到“_Ty”，可能丢失数据
          with
          [
              _Ty=int
          ]
C:\Users\38182\Desktop\cg learning OpenGL\project\Rigid-Body-Simulation\src\main.cpp(751): warning C4819: 该文件包含不能在当前代码页(936)中表示的字符。请将该文件保存为 Unicode 格式以防止数据丢失
C:\Users\38182\Desktop\cg learning OpenGL\project\Rigid-Body-Simulation\src\main.cpp(984): warning C4267: “初始化”: 从“size_t”转换到“int”，可能丢失数据
C:\Users\38182\Desktop\cg learning OpenGL\project\Rigid-Body-Simulation\src\main.cpp(1212): warning C4244: “初始化”: 从“double”转换到“float”，可能丢失数据
  tiny_obj_loader.cc
C:\Users\38182\Desktop\cg learning OpenGL\project\Rigid-Body-Simulation\src\tiny_obj_loader.cc(85): warning C4267: “初始化”: 从“size_t”转换到“int”，可能丢失数据
C:\Users\38182\Desktop\cg learning OpenGL\project\Rigid-Body-Simulation\src\tiny_obj_loader.cc(86): warning C4267: “初始化”: 从“size_t”转换到“int”，可能丢失数据
C:\Users\38182\Desktop\cg learning OpenGL\project\Rigid-Body-Simulation\src\tiny_obj_loader.cc(200): warning C4267: “初始化”: 从“size_t”转换到“unsigned int”，可能丢失数据
C:\Users\38182\Desktop\cg learning OpenGL\project\Rigid-Body-Simulation\src\tiny_obj_loader.cc(460): warning C4244: “初始化”: 从“__int64”转换到“int”，可能丢失数据
C:\Users\38182\Desktop\cg learning OpenGL\project\Rigid-Body-Simulation\src\tiny_obj_loader.cc(333): warning C4996: 'sscanf': This function or variable may be unsafe. Consider using sscanf_s instead. To disable deprecation, use _CRT_SECURE_NO_WARNINGS. See online help for details.
  C:\Program Files (x86)\Windows Kits\10\Include\10.0.17763.0\ucrt\stdio.h(2263): note: 参见“sscanf”的声明
C:\Users\38182\Desktop\cg learning OpenGL\project\Rigid-Body-Simulation\src\tiny_obj_loader.cc(606): warning C4267: “参数”: 从“size_t”转换到“int”，可能丢失数据
C:\Users\38182\Desktop\cg learning OpenGL\project\Rigid-Body-Simulation\src\tiny_obj_loader.cc(608): warning C4267: “初始化”: 从“size_t”转换到“int”，可能丢失数据
C:\Users\38182\Desktop\cg learning OpenGL\project\Rigid-Body-Simulation\src\tiny_obj_loader.cc(622): warning C4996: 'sscanf': This function or variable may be unsafe. Consider using sscanf_s instead. To disable deprecation, use _CRT_SECURE_NO_WARNINGS. See online help for details.
  C:\Program Files (x86)\Windows Kits\10\Include\10.0.17763.0\ucrt\stdio.h(2263): note: 参见“sscanf”的声明
C:\Users\38182\Desktop\cg learning OpenGL\project\Rigid-Body-Simulation\src\tiny_obj_loader.cc(645): warning C4996: 'sscanf': This function or variable may be unsafe. Consider using sscanf_s instead. To disable deprecation, use _CRT_SECURE_NO_WARNINGS. See online help for details.
  C:\Program Files (x86)\Windows Kits\10\Include\10.0.17763.0\ucrt\stdio.h(2263): note: 参见“sscanf”的声明
C:\Users\38182\Desktop\cg learning OpenGL\project\Rigid-Body-Simulation\src\tiny_obj_loader.cc(705): warning C4996: 'sscanf': This function or variable may be unsafe. Consider using sscanf_s instead. To disable deprecation, use _CRT_SECURE_NO_WARNINGS. See online help for details.
  C:\Program Files (x86)\Windows Kits\10\Include\10.0.17763.0\ucrt\stdio.h(2263): note: 参见“sscanf”的声明
C:\Program Files (x86)\Microsoft Visual Studio\2017\Community\VC\Tools\MSVC\14.16.27023\include\utility(174): warning C4267: “初始化”: 从“size_t”转换到“_Ty2”，可能丢失数据
          with
          [
              _Ty2=int
          ]
  C:\Users\38182\Desktop\cg learning OpenGL\project\Rigid-Body-Simulation\src\tiny_obj_loader.cc(323): note: 参见对正在编译的函数 模板 实例化“std::pair<std::string,int>::pair<std::string&,unsigned __int64,0>(_Other1,_Other2 &&) noexcept(false)”的引用
          with
          [
              _Other1=std::string &,
              _Other2=unsigned __int64
          ]
  C:\Users\38182\Desktop\cg learning OpenGL\project\Rigid-Body-Simulation\src\tiny_obj_loader.cc(323): note: 参见对正在编译的函数 模板 实例化“std::pair<std::string,int>::pair<std::string&,unsigned __int64,0>(_Other1,_Other2 &&) noexcept(false)”的引用
          with
          [
              _Other1=std::string &,
              _Other2=unsigned __int64
          ]
  正在生成代码...
LINK : warning LNK4098: 默认库“MSVCRT”与其他库的使用冲突；请使用 /NODEFAULTLIB:library
  opengl-basic.vcxproj -> C:\Users\38182\Desktop\cg learning OpenGL\project\Rigid-Body-Simulation\build\Debug\opengl-basic.exe
