  main.cpp
C:\Users\38182\Desktop\cg learning OpenGL\project\Rigid-Body-Simulation\src\main.cpp : warning C4819: 该文件包含不能在当前代码页(936)中表示的字符。请将该文件保存为 Unicode 格式以防止数据丢失
C:\Users\38182\Desktop\cg learning OpenGL\project\Rigid-Body-Simulation\.\inc/rigidBody.hpp : warning C4819: 该文件包含不能在当前代码页(936)中表示的字符。请将该文件保存为 Unicode 格式以防止数据丢失
C:\Users\38182\Desktop\cg learning OpenGL\project\Rigid-Body-Simulation\.\inc/rigidBody.hpp(66): warning C4244: “return”: 从“double”转换到“float”，可能丢失数据
C:\Users\38182\Desktop\cg learning OpenGL\project\Rigid-Body-Simulation\src\main.cpp(43): warning C4305: “初始化”: 从“double”到“float”截断
C:\Users\38182\Desktop\cg learning OpenGL\project\Rigid-Body-Simulation\src\main.cpp(44): warning C4305: “初始化”: 从“double”到“float”截断
C:\Users\38182\Desktop\cg learning OpenGL\project\Rigid-Body-Simulation\src\main.cpp(73): warning C4244: “=”: 从“double”转换到“float”，可能丢失数据
C:\Users\38182\Desktop\cg learning OpenGL\project\Rigid-Body-Simulation\src\main.cpp(74): warning C4244: “=”: 从“double”转换到“float”，可能丢失数据
C:\Users\38182\Desktop\cg learning OpenGL\project\Rigid-Body-Simulation\src\main.cpp(78): warning C4244: “初始化”: 从“double”转换到“float”，可能丢失数据
C:\Users\38182\Desktop\cg learning OpenGL\project\Rigid-Body-Simulation\src\main.cpp(79): warning C4244: “初始化”: 从“double”转换到“float”，可能丢失数据
C:\Users\38182\Desktop\cg learning OpenGL\project\Rigid-Body-Simulation\src\main.cpp(81): warning C4244: “=”: 从“double”转换到“float”，可能丢失数据
C:\Users\38182\Desktop\cg learning OpenGL\project\Rigid-Body-Simulation\src\main.cpp(82): warning C4244: “=”: 从“double”转换到“float”，可能丢失数据
C:\Users\38182\Desktop\cg learning OpenGL\project\Rigid-Body-Simulation\src\main.cpp(111): warning C4305: “参数”: 从“double”到“float”截断
C:\Users\38182\Desktop\cg learning OpenGL\project\Rigid-Body-Simulation\src\main.cpp(112): warning C4305: “参数”: 从“double”到“float”截断
C:\Users\38182\Desktop\cg learning OpenGL\project\Rigid-Body-Simulation\src\main.cpp(119): warning C4305: “参数”: 从“double”到“float”截断
C:\Users\38182\Desktop\cg learning OpenGL\project\Rigid-Body-Simulation\src\main.cpp(120): warning C4305: “参数”: 从“double”到“float”截断
C:\Users\38182\Desktop\cg learning OpenGL\project\Rigid-Body-Simulation\src\main.cpp(127): warning C4305: “参数”: 从“double”到“float”截断
C:\Users\38182\Desktop\cg learning OpenGL\project\Rigid-Body-Simulation\src\main.cpp(128): warning C4305: “参数”: 从“double”到“float”截断
C:\Users\38182\Desktop\cg learning OpenGL\project\Rigid-Body-Simulation\src\main.cpp(135): warning C4305: “参数”: 从“double”到“float”截断
C:\Users\38182\Desktop\cg learning OpenGL\project\Rigid-Body-Simulation\src\main.cpp(136): warning C4305: “参数”: 从“double”到“float”截断
C:\Users\38182\Desktop\cg learning OpenGL\project\Rigid-Body-Simulation\src\main.cpp(182): warning C4267: “初始化”: 从“size_t”转换到“int”，可能丢失数据
C:\Users\38182\Desktop\cg learning OpenGL\project\Rigid-Body-Simulation\src\main.cpp(190): warning C4267: “初始化”: 从“size_t”转换到“int”，可能丢失数据
C:\Users\38182\Desktop\cg learning OpenGL\project\Rigid-Body-Simulation\src\main.cpp(595): warning C4267: “参数”: 从“size_t”转换到“_Ty”，可能丢失数据
          with
          [
              _Ty=int
          ]
C:\Users\38182\Desktop\cg learning OpenGL\project\Rigid-Body-Simulation\src\main.cpp(596): warning C4267: “参数”: 从“size_t”转换到“_Ty”，可能丢失数据
          with
          [
              _Ty=int
          ]
C:\Users\38182\Desktop\cg learning OpenGL\project\Rigid-Body-Simulation\src\main.cpp(743): warning C4819: 该文件包含不能在当前代码页(936)中表示的字符。请将该文件保存为 Unicode 格式以防止数据丢失
C:\Users\38182\Desktop\cg learning OpenGL\project\Rigid-Body-Simulation\src\main.cpp(1053): warning C4267: “初始化”: 从“size_t”转换到“int”，可能丢失数据
C:\Users\38182\Desktop\cg learning OpenGL\project\Rigid-Body-Simulation\src\main.cpp(1286): warning C4244: “初始化”: 从“double”转换到“float”，可能丢失数据
C:\Users\38182\Desktop\cg learning OpenGL\project\Rigid-Body-Simulation\src\main.cpp(1348): warning C4244: “参数”: 从“float”转换到“unsigned long”，可能丢失数据
C:\Users\38182\Desktop\cg learning OpenGL\project\Rigid-Body-Simulation\src\main.cpp(1348): warning C4996: '_sleep': This function or variable has been superceded by newer library or operating system functionality. Consider using Sleep instead. See online help for details.
  C:\Program Files (x86)\Windows Kits\10\Include\10.0.17763.0\ucrt\stdlib.h(1274): note: 参见“_sleep”的声明
  opengl-basic.vcxproj -> C:\Users\38182\Desktop\cg learning OpenGL\project\Rigid-Body-Simulation\build\Release\opengl-basic.exe
